<?xml version="1.0" encoding="UTF-8"?>
<robot generator="Robot 7.3.2 (Python 3.14.0 on linux)" generated="2025-11-11T08:13:27.411480" rpa="false" schemaversion="5">
<suite id="s1" name="Hello-Robot" source="/home/ftagh/Documents/code/palautusrepositorio/viikko3/hello-robot">
<suite id="s1-s1" name="Src" source="/home/ftagh/Documents/code/palautusrepositorio/viikko3/hello-robot/src">
<suite id="s1-s1-s1" name="Tests" source="/home/ftagh/Documents/code/palautusrepositorio/viikko3/hello-robot/src/tests">
<suite id="s1-s1-s1-s1" name="Increase Counter" source="/home/ftagh/Documents/code/palautusrepositorio/viikko3/hello-robot/src/tests/increase_counter.robot">
<test id="s1-s1-s1-s1-t1" name="Increase Counter Once" line="5">
<kw name="Counter Value Should Be" owner="CounterLibrary">
<arg>0</arg>
<status status="PASS" start="2025-11-11T08:13:27.482039" elapsed="0.000238"/>
</kw>
<kw name="Increase Counter" owner="CounterLibrary">
<status status="PASS" start="2025-11-11T08:13:27.482444" elapsed="0.000123"/>
</kw>
<kw name="Counter Value Should Be" owner="CounterLibrary">
<arg>1</arg>
<status status="PASS" start="2025-11-11T08:13:27.482684" elapsed="0.000103"/>
</kw>
<status status="PASS" start="2025-11-11T08:13:27.471538" elapsed="0.011378"/>
</test>
<test id="s1-s1-s1-s1-t2" name="Increase Counter Many Times" line="10">
<kw name="Counter Value Should Be" owner="CounterLibrary">
<arg>0</arg>
<status status="PASS" start="2025-11-11T08:13:27.487760" elapsed="0.000134"/>
</kw>
<kw name="Increase Counter" owner="CounterLibrary">
<status status="PASS" start="2025-11-11T08:13:27.488005" elapsed="0.000108"/>
</kw>
<kw name="Increase Counter" owner="CounterLibrary">
<status status="PASS" start="2025-11-11T08:13:27.488207" elapsed="0.000098"/>
</kw>
<kw name="Increase Counter" owner="CounterLibrary">
<status status="PASS" start="2025-11-11T08:13:27.488395" elapsed="0.000097"/>
</kw>
<kw name="Counter Value Should Be" owner="CounterLibrary">
<arg>3</arg>
<status status="PASS" start="2025-11-11T08:13:27.488587" elapsed="0.000110"/>
</kw>
<status status="PASS" start="2025-11-11T08:13:27.485246" elapsed="0.003577"/>
</test>
<test id="s1-s1-s1-s1-t3" name="Increment Counter By Amount" line="17">
<kw name="Counter Value Should Be" owner="CounterLibrary">
<arg>0</arg>
<status status="PASS" start="2025-11-11T08:13:27.503229" elapsed="0.000250"/>
</kw>
<kw name="Increment Counter By" owner="CounterLibrary">
<arg>5</arg>
<status status="PASS" start="2025-11-11T08:13:27.503713" elapsed="0.000214"/>
</kw>
<kw name="Counter Value Should Be" owner="CounterLibrary">
<arg>5</arg>
<status status="PASS" start="2025-11-11T08:13:27.504093" elapsed="0.000168"/>
</kw>
<status status="PASS" start="2025-11-11T08:13:27.498254" elapsed="0.006186"/>
</test>
<status status="PASS" start="2025-11-11T08:13:27.439121" elapsed="0.067397"/>
</suite>
<status status="PASS" start="2025-11-11T08:13:27.436598" elapsed="0.082211"/>
</suite>
<status status="PASS" start="2025-11-11T08:13:27.434198" elapsed="0.087144"/>
</suite>
<status status="PASS" start="2025-11-11T08:13:27.414703" elapsed="0.109014"/>
</suite>
<statistics>
<total>
<stat pass="3" fail="0" skip="0">All Tests</stat>
</total>
<tag>
</tag>
<suite>
<stat name="Hello-Robot" id="s1" pass="3" fail="0" skip="0">Hello-Robot</stat>
<stat name="Src" id="s1-s1" pass="3" fail="0" skip="0">Hello-Robot.Src</stat>
<stat name="Tests" id="s1-s1-s1" pass="3" fail="0" skip="0">Hello-Robot.Src.Tests</stat>
<stat name="Increase Counter" id="s1-s1-s1-s1" pass="3" fail="0" skip="0">Hello-Robot.Src.Tests.Increase Counter</stat>
</suite>
</statistics>
<errors>
</errors>
</robot>
